2024-08-23 14:41:25,425 - INFO - patching driver executable C:\Users\gabri\appdata\roaming\undetected_chromedriver\undetected_chromedriver.exe
2024-08-23 14:41:28,047 - INFO - ====== WebDriver manager ======
2024-08-23 14:41:32,847 - INFO - Get LATEST chromedriver version for google-chrome
2024-08-23 14:41:33,995 - INFO - Get LATEST chromedriver version for google-chrome
2024-08-23 14:41:35,100 - INFO - There is no [win64] chromedriver "128.0.6613.84" for browser google-chrome "128.0.6613" in cache
2024-08-23 14:41:35,101 - INFO - Get LATEST chromedriver version for google-chrome
2024-08-23 14:41:37,797 - INFO - WebDriver version 128.0.6613.84 selected
2024-08-23 14:41:37,803 - INFO - Modern chrome version https://storage.googleapis.com/chrome-for-testing-public/128.0.6613.84/win32/chromedriver-win32.zip
2024-08-23 14:41:37,819 - INFO - About to download new driver from https://storage.googleapis.com/chrome-for-testing-public/128.0.6613.84/win32/chromedriver-win32.zip
2024-08-23 14:41:39,510 - INFO - Driver downloading response is 200
2024-08-23 14:41:44,921 - INFO - Get LATEST chromedriver version for google-chrome
2024-08-23 14:41:54,645 - INFO - ====== WebDriver manager ======
2024-08-23 14:41:57,540 - INFO - Get LATEST chromedriver version for google-chrome
2024-08-23 14:42:24,121 - INFO - ====== WebDriver manager ======
2024-08-23 14:42:26,416 - INFO - Get LATEST chromedriver version for google-chrome
2024-08-23 14:42:28,030 - INFO - Get LATEST chromedriver version for google-chrome
2024-08-23 14:42:30,618 - INFO - There is no [win64] chromedriver "128.0.6613.84" for browser google-chrome "128.0.6613" in cache
2024-08-23 14:42:30,618 - INFO - Get LATEST chromedriver version for google-chrome
2024-08-23 14:42:32,845 - INFO - WebDriver version 128.0.6613.84 selected
2024-08-23 14:42:32,850 - INFO - Modern chrome version https://storage.googleapis.com/chrome-for-testing-public/128.0.6613.84/win32/chromedriver-win32.zip
2024-08-23 14:42:32,850 - INFO - About to download new driver from https://storage.googleapis.com/chrome-for-testing-public/128.0.6613.84/win32/chromedriver-win32.zip
2024-08-23 14:42:34,310 - INFO - Driver downloading response is 200
2024-08-23 14:42:39,837 - INFO - Get LATEST chromedriver version for google-chrome
2024-08-23 14:42:41,876 - INFO - Driver has been saved in cache [C:\Users\gabri\.wdm\drivers\chromedriver\win64\128.0.6613.84]
2024-08-23 14:45:48,846 - INFO - ====== WebDriver manager ======
2024-08-23 14:45:50,653 - INFO - Get LATEST chromedriver version for google-chrome
2024-08-23 14:45:51,916 - INFO - Get LATEST chromedriver version for google-chrome
2024-08-23 14:45:53,341 - INFO - Driver [C:\Users\gabri\.wdm\drivers\chromedriver\win64\128.0.6613.84\chromedriver-win32/THIRD_PARTY_NOTICES.chromedriver] found in cache
2024-08-23 14:51:27,358 - INFO - ====== WebDriver manager ======
2024-08-23 14:51:29,283 - INFO - Get LATEST chromedriver version for google-chrome
2024-08-23 14:51:30,391 - INFO - Get LATEST chromedriver version for google-chrome
2024-08-23 14:51:31,390 - INFO - Driver [C:\Users\gabri\.wdm\drivers\chromedriver\win64\128.0.6613.84\chromedriver-win32/THIRD_PARTY_NOTICES.chromedriver] found in cache
